<?xml version="1.0" encoding="UTF-8"?>
<!-- Generated by org.testng.reporters.JUnitReportReporter -->
<testsuite hostname="HP-HP" name="com.amazon.qa.Testcases.Visa_negative_tests" tests="1" failures="0" timestamp="22 May 2018 17:56:24 GMT" time="114.798" errors="0">
  <testcase name="Incorrect_username_Validate_Error" time="114.798" classname="com.amazon.qa.Testcases.Visa_negative_tests"/>
</testsuite> <!-- com.amazon.qa.Testcases.Visa_negative_tests -->
